<?xml version="1.0" encoding="UTF-8"?>
<testng-results skipped="0" failed="0" ignored="0" total="1" passed="1">
  <reporter-output>
  </reporter-output>
  <suite name="AllTestsSuite" duration-ms="14139" started-at="2018-12-23T19:22:15Z" finished-at="2018-12-23T19:22:30Z">
    <groups>
    </groups>
    <test name="My First Selenium TestNG Test" duration-ms="14139" started-at="2018-12-23T19:22:15Z" finished-at="2018-12-23T19:22:30Z">
      <class name="FirstTest">
        <test-method status="PASS" signature="setupTest()[pri:0, instance:FirstTest@668bc3d5]" name="setupTest" is-config="true" duration-ms="13178" started-at="2018-12-23T19:22:16Z" finished-at="2018-12-23T19:22:29Z">
          <reporter-output>
          </reporter-output>
        </test-method> <!-- setupTest -->
        <test-method status="PASS" signature="firstTest()[pri:0, instance:FirstTest@668bc3d5]" name="firstTest" duration-ms="228" started-at="2018-12-23T19:22:29Z" finished-at="2018-12-23T19:22:29Z">
          <reporter-output>
          </reporter-output>
        </test-method> <!-- firstTest -->
        <test-method status="PASS" signature="teardownTest()[pri:0, instance:FirstTest@668bc3d5]" name="teardownTest" is-config="true" duration-ms="707" started-at="2018-12-23T19:22:29Z" finished-at="2018-12-23T19:22:30Z">
          <reporter-output>
          </reporter-output>
        </test-method> <!-- teardownTest -->
      </class> <!-- FirstTest -->
    </test> <!-- My First Selenium TestNG Test -->
  </suite> <!-- AllTestsSuite -->
</testng-results>
