<?xml version="1.0" encoding="UTF-8"?>
<testng-results skipped="0" failed="0" ignored="0" total="1" passed="1">
  <reporter-output>
  </reporter-output>
  <suite name="FirstTest" duration-ms="14551" started-at="2018-12-22T03:09:32Z" finished-at="2018-12-22T03:09:46Z">
    <groups>
    </groups>
    <test name="Command line test" duration-ms="14551" started-at="2018-12-22T03:09:32Z" finished-at="2018-12-22T03:09:46Z">
      <class name="FirstTest">
        <test-method status="PASS" signature="setupTest()[pri:0, instance:FirstTest@668bc3d5]" name="setupTest" is-config="true" duration-ms="13696" started-at="2018-12-22T03:09:32Z" finished-at="2018-12-22T03:09:45Z">
          <reporter-output>
          </reporter-output>
        </test-method> <!-- setupTest -->
        <test-method status="PASS" signature="firstTest()[pri:0, instance:FirstTest@668bc3d5]" name="firstTest" duration-ms="12" started-at="2018-12-22T03:09:45Z" finished-at="2018-12-22T03:09:45Z">
          <reporter-output>
          </reporter-output>
        </test-method> <!-- firstTest -->
        <test-method status="PASS" signature="teardownTest()[pri:0, instance:FirstTest@668bc3d5]" name="teardownTest" is-config="true" duration-ms="812" started-at="2018-12-22T03:09:45Z" finished-at="2018-12-22T03:09:46Z">
          <reporter-output>
          </reporter-output>
        </test-method> <!-- teardownTest -->
      </class> <!-- FirstTest -->
    </test> <!-- Command line test -->
  </suite> <!-- FirstTest -->
</testng-results>
